<?xml version="1.0" encoding="UTF-8"?>
<!-- Generated by org.testng.reporters.JUnitReportReporter -->
<testsuite hostname="LAPTOP-5E08MPST" failures="0" tests="1" name="TestCases.TC_001_AccountRegistrationTest" time="4.259" errors="0" timestamp="2023-01-31T18:30:39 IST" skipped="0">
  <testcase classname="TestCases.TC_001_AccountRegistrationTest" name="test_account_Registration" time="4.259"/>
  <system-out/>
</testsuite> <!-- TestCases.TC_001_AccountRegistrationTest -->
